<?xml version="1.0" encoding="UTF-8"?>
<testng-results skipped="0" failed="0" ignored="0" total="1" passed="1">
  <reporter-output>
  </reporter-output>
  <suite name="Default suite" duration-ms="32387" started-at="2016-12-22T07:33:05Z" finished-at="2016-12-22T07:33:38Z">
    <groups>
    </groups>
    <test name="Default test" duration-ms="32387" started-at="2016-12-22T07:33:05Z" finished-at="2016-12-22T07:33:38Z">
      <class name="dataDriven_FW.Datadriven_FW">
        <test-method status="PASS" signature="f()[pri:0, instance:dataDriven_FW.Datadriven_FW@2ef5e5e3]" name="f" duration-ms="32361" started-at="2016-12-22T13:03:05Z" finished-at="2016-12-22T13:03:38Z">
          <reporter-output>
          </reporter-output>
        </test-method> <!-- f -->
      </class> <!-- dataDriven_FW.Datadriven_FW -->
    </test> <!-- Default test -->
  </suite> <!-- Default suite -->
</testng-results>
